<?xml version="1.0" encoding="UTF-8"?>
<!-- Generated by org.testng.reporters.JUnitReportReporter -->
<testsuite skipped="0" hostname="LAPTOP-LA8M0B41" name="com.travelocity.TC.Excercise1" tests="1" failures="0" timestamp="02 nov 2018 17:27:14 GMT" time="122.098" errors="0">
  <testcase name="ex1" time="122.098" classname="com.travelocity.TC.Excercise1"/>
</testsuite> <!-- com.travelocity.TC.Excercise1 -->
