<?xml version="1.0" encoding="UTF-8"?>
<!-- Generated by org.testng.reporters.JUnitReportReporter -->
<testsuite skipped="0" hostname="LAPTOP-LA8M0B41" name="com.travelocity.TC.Excercise1" tests="1" failures="0" timestamp="31 oct 2018 13:21:31 GMT" time="13.121" errors="0">
  <testcase name="ex1" time="13.121" classname="com.travelocity.TC.Excercise1"/>
</testsuite> <!-- com.travelocity.TC.Excercise1 -->
