<?xml version="1.0" encoding="UTF-8"?>
<!-- Generated by org.testng.reporters.JUnitReportReporter -->
<testsuite skipped="0" hostname="LAPTOP-LA8M0B41" name="com.travelocity.TC.Excercise1" tests="1" failures="0" timestamp="05 nov 2018 13:56:02 GMT" time="137.369" errors="0">
  <testcase name="ex1" time="137.369" classname="com.travelocity.TC.Excercise1"/>
</testsuite> <!-- com.travelocity.TC.Excercise1 -->
